<?xml version="1.0" encoding="UTF-8"?>
<!-- Generated by org.testng.reporters.JUnitXMLReporter -->
<testsuite hostname="VBOXWIN7" ignored="2" name="Verify GMS Web Version" tests="1" failures="0" timestamp="01 Feb 2018 01:53:15 GMT" time="2.824" errors="0">
  <testcase name="verifyGmsVersion" time="0.12" classname="com.pacom.gmsweb.tests.LoginPageTest"/>
  <testcase name="verifyIncorrectLogin" time="0.0" classname="com.pacom.gmsweb.tests.LoginPageTest">
    <ignored/>
  </testcase> <!-- verifyIncorrectLogin -->
  <testcase name="verifyLoginSuccessful" time="0.0" classname="com.pacom.gmsweb.tests.LoginPageTest">
    <ignored/>
  </testcase> <!-- verifyLoginSuccessful -->
</testsuite> <!-- Verify GMS Web Version -->
