<?xml version="1.0" encoding="UTF-8"?>
<!-- Generated by org.testng.reporters.JUnitXMLReporter -->
<testsuite hostname="VBOXWIN7" ignored="2" name="Verify Login Success" tests="1" failures="0" timestamp="01 Feb 2018 01:53:18 GMT" time="3.146" errors="0">
  <testcase name="verifyLoginSuccessful" time="1.304" classname="com.pacom.gmsweb.tests.LoginPageTest"/>
  <testcase name="verifyIncorrectLogin" time="0.0" classname="com.pacom.gmsweb.tests.LoginPageTest">
    <ignored/>
  </testcase> <!-- verifyIncorrectLogin -->
  <testcase name="verifyGmsVersion" time="0.0" classname="com.pacom.gmsweb.tests.LoginPageTest">
    <ignored/>
  </testcase> <!-- verifyGmsVersion -->
</testsuite> <!-- Verify Login Success -->
